<?xml version="1.0" encoding="UTF-8"?>
<!-- Generated by org.testng.reporters.JUnitReportReporter -->
<testsuite skipped="0" hostname="Poornimas-MacBook-Air.local" name="com.automation.tests.TestFunctionality" tests="2" failures="0" timestamp="27 Aug 2017 17:22:28 GMT" time="23.117" errors="0">
  <testcase name="test_Home_Page" time="11.306" classname="com.automation.tests.TestFunctionality"/>
  <testcase name="test_Home_Navigation" time="11.811" classname="com.automation.tests.TestFunctionality"/>
</testsuite> <!-- com.automation.tests.TestFunctionality -->
