<?xml version="1.0" encoding="UTF-8"?>
<!-- Generated by org.testng.reporters.JUnitReportReporter -->
<testsuite skipped="0" hostname="Poornimas-MacBook-Air.local" name="com.automation.tests.TestFunctionality" tests="2" failures="0" timestamp="27 Aug 2017 05:59:22 GMT" time="19.888" errors="0">
  <testcase name="test_Home_Page" time="10.508" classname="com.automation.tests.TestFunctionality"/>
  <testcase name="test_Home_Navigation" time="9.380" classname="com.automation.tests.TestFunctionality"/>
</testsuite> <!-- com.automation.tests.TestFunctionality -->
